--------------------------------------------------------------------------------
Release 14.7 Trace  (nt64)
Copyright (c) 1995-2013 Xilinx, Inc.  All rights reserved.

C:\Xilinx\14.7\ISE_DS\ISE\bin\nt64\unwrapped\trce.exe -intstyle ise -v 3 -s 3
-n 3 -fastpaths -xml alap.twx alap.ncd -o alap.twr alap.pcf -ucf kod.ucf

Design file:              alap.ncd
Physical constraint file: alap.pcf
Device,package,speed:     xc7a100t,csg324,C,-3 (PRODUCTION 1.10 2013-10-13)
Report level:             verbose report

Environment Variable      Effect 
--------------------      ------ 
NONE                      No environment variables were set
--------------------------------------------------------------------------------

INFO:Timing:2698 - No timing constraints found, doing default enumeration.
INFO:Timing:3412 - To improve timing, see the Timing Closure User Guide (UG612).
INFO:Timing:2752 - To get complete path coverage, use the unconstrained paths 
   option. All paths that are not constrained will be reported in the 
   unconstrained paths section(s) of the report.
INFO:Timing:3339 - The clock-to-out numbers in this timing report are based on 
   a 50 Ohm transmission line loading model.  For the details of this model, 
   and for more information on accounting for different loading conditions, 
   please see the device datasheet.



Data Sheet report:
-----------------
All values displayed in nanoseconds (ns)

Pad to Pad
---------------+---------------+---------+
Source Pad     |Destination Pad|  Delay  |
---------------+---------------+---------+
sw<0>          |a_to_g<0>      |    7.487|
sw<0>          |a_to_g<1>      |    8.141|
sw<0>          |a_to_g<2>      |    8.000|
sw<0>          |a_to_g<3>      |    8.366|
sw<0>          |a_to_g<4>      |    7.728|
sw<0>          |a_to_g<5>      |    8.168|
sw<0>          |a_to_g<6>      |    8.189|
sw<1>          |a_to_g<0>      |    6.694|
sw<1>          |a_to_g<1>      |    7.355|
sw<1>          |a_to_g<2>      |    7.215|
sw<1>          |a_to_g<3>      |    7.815|
sw<1>          |a_to_g<4>      |    6.934|
sw<1>          |a_to_g<5>      |    7.830|
sw<1>          |a_to_g<6>      |    7.622|
sw<2>          |a_to_g<0>      |    6.684|
sw<2>          |a_to_g<1>      |    7.364|
sw<2>          |a_to_g<2>      |    7.213|
sw<2>          |a_to_g<3>      |    7.610|
sw<2>          |a_to_g<4>      |    6.935|
sw<2>          |a_to_g<5>      |    7.616|
sw<2>          |a_to_g<6>      |    7.418|
sw<3>          |a_to_g<0>      |    7.042|
sw<3>          |a_to_g<1>      |    7.712|
sw<3>          |a_to_g<2>      |    7.569|
sw<3>          |a_to_g<3>      |    7.978|
sw<3>          |a_to_g<4>      |    7.285|
sw<3>          |a_to_g<5>      |    7.611|
sw<3>          |a_to_g<6>      |    7.794|
---------------+---------------+---------+


Analysis completed Thu Mar 14 15:23:45 2024 
--------------------------------------------------------------------------------

Trace Settings:
-------------------------
Trace Settings 

Peak Memory Usage: 5003 MB



